{"C:\\Users\\zagum\\OneDrive\\Desktop\\Matchers\\src\\game.js": {"path":"C:\\Users\\zagum\\OneDrive\\Desktop\\Matchers\\src\\game.js","statementMap":{"0":{"start":{"line":3,"column":8},"end":{"line":3,"column":25}},"1":{"start":{"line":4,"column":8},"end":{"line":4,"column":43}},"2":{"start":{"line":11,"column":8},"end":{"line":11,"column":33}},"3":{"start":{"line":15,"column":8},"end":{"line":19,"column":9}},"4":{"start":{"line":16,"column":10},"end":{"line":16,"column":82}},"5":{"start":{"line":18,"column":10},"end":{"line":18,"column":38}},"6":{"start":{"line":23,"column":30},"end":{"line":23,"column":45}},"7":{"start":{"line":24,"column":8},"end":{"line":30,"column":9}},"8":{"start":{"line":26,"column":16},"end":{"line":28,"column":17}},"9":{"start":{"line":27,"column":20},"end":{"line":27,"column":48}},"10":{"start":{"line":34,"column":8},"end":{"line":34,"column":40}},"11":{"start":{"line":38,"column":19},"end":{"line":38,"column":28}},"12":{"start":{"line":41,"column":8},"end":{"line":41,"column":25}},"13":{"start":{"line":42,"column":8},"end":{"line":42,"column":39}},"14":{"start":{"line":44,"column":8},"end":{"line":47,"column":10}},"15":{"start":{"line":50,"column":8},"end":{"line":53,"column":10}},"16":{"start":{"line":57,"column":8},"end":{"line":61,"column":9}},"17":{"start":{"line":58,"column":12},"end":{"line":58,"column":33}},"18":{"start":{"line":60,"column":12},"end":{"line":60,"column":35}}},"fnMap":{"0":{"name":"(anonymous_0)","decl":{"start":{"line":2,"column":4},"end":{"line":2,"column":5}},"loc":{"start":{"line":2,"column":37},"end":{"line":5,"column":5}},"line":2},"1":{"name":"(anonymous_1)","decl":{"start":{"line":10,"column":4},"end":{"line":10,"column":5}},"loc":{"start":{"line":10,"column":18},"end":{"line":12,"column":5}},"line":10},"2":{"name":"(anonymous_2)","decl":{"start":{"line":14,"column":4},"end":{"line":14,"column":5}},"loc":{"start":{"line":14,"column":19},"end":{"line":20,"column":5}},"line":14},"3":{"name":"(anonymous_3)","decl":{"start":{"line":22,"column":4},"end":{"line":22,"column":5}},"loc":{"start":{"line":22,"column":25},"end":{"line":31,"column":5}},"line":22},"4":{"name":"(anonymous_4)","decl":{"start":{"line":25,"column":12},"end":{"line":25,"column":13}},"loc":{"start":{"line":25,"column":25},"end":{"line":29,"column":13}},"line":25},"5":{"name":"(anonymous_5)","decl":{"start":{"line":33,"column":4},"end":{"line":33,"column":5}},"loc":{"start":{"line":33,"column":14},"end":{"line":35,"column":5}},"line":33},"6":{"name":"(anonymous_6)","decl":{"start":{"line":40,"column":4},"end":{"line":40,"column":5}},"loc":{"start":{"line":40,"column":35},"end":{"line":48,"column":5}},"line":40},"7":{"name":"(anonymous_7)","decl":{"start":{"line":49,"column":4},"end":{"line":49,"column":5}},"loc":{"start":{"line":49,"column":26},"end":{"line":54,"column":5}},"line":49},"8":{"name":"(anonymous_8)","decl":{"start":{"line":56,"column":4},"end":{"line":56,"column":5}},"loc":{"start":{"line":56,"column":20},"end":{"line":62,"column":5}},"line":56}},"branchMap":{"0":{"loc":{"start":{"line":15,"column":8},"end":{"line":19,"column":9}},"type":"if","locations":[{"start":{"line":15,"column":8},"end":{"line":19,"column":9}},{"start":{"line":17,"column":15},"end":{"line":19,"column":9}}],"line":15},"1":{"loc":{"start":{"line":26,"column":16},"end":{"line":28,"column":17}},"type":"if","locations":[{"start":{"line":26,"column":16},"end":{"line":28,"column":17}},{"start":{},"end":{}}],"line":26},"2":{"loc":{"start":{"line":57,"column":8},"end":{"line":61,"column":9}},"type":"if","locations":[{"start":{"line":57,"column":8},"end":{"line":61,"column":9}},{"start":{"line":59,"column":15},"end":{"line":61,"column":9}}],"line":57}},"s":{"0":3,"1":3,"2":5,"3":6,"4":1,"5":5,"6":2,"7":2,"8":6,"9":4,"10":4,"11":1,"12":1,"13":1,"14":1,"15":4,"16":2,"17":1,"18":1},"f":{"0":3,"1":5,"2":6,"3":2,"4":6,"5":4,"6":1,"7":4,"8":2},"b":{"0":[1,5],"1":[4,2],"2":[1,1]},"_coverageSchema":"1a1c01bbd47fc00a2c39e90264f33305004495a9","hash":"8dafc93c28f7490790efcaa722ca1518e04fc5f4"}
}
