TN:
SF:src\game.js
FN:2,(anonymous_0)
FN:10,(anonymous_1)
FN:14,(anonymous_2)
FN:22,(anonymous_3)
FN:25,(anonymous_4)
FN:33,(anonymous_5)
FN:40,(anonymous_6)
FN:49,(anonymous_7)
FN:56,(anonymous_8)
FNF:9
FNH:9
FNDA:3,(anonymous_0)
FNDA:5,(anonymous_1)
FNDA:6,(anonymous_2)
FNDA:2,(anonymous_3)
FNDA:6,(anonymous_4)
FNDA:4,(anonymous_5)
FNDA:1,(anonymous_6)
FNDA:4,(anonymous_7)
FNDA:2,(anonymous_8)
DA:3,3
DA:4,3
DA:11,5
DA:15,6
DA:16,1
DA:18,5
DA:23,2
DA:24,2
DA:26,6
DA:27,4
DA:34,4
DA:38,1
DA:41,1
DA:42,1
DA:44,1
DA:50,4
DA:57,2
DA:58,1
DA:60,1
LF:19
LH:19
BRDA:15,0,0,1
BRDA:15,0,1,5
BRDA:26,1,0,4
BRDA:26,1,1,2
BRDA:57,2,0,1
BRDA:57,2,1,1
BRF:6
BRH:6
end_of_record
